<?xml version="1.0" encoding="UTF-8"?>
<!-- Generated by org.testng.reporters.JUnitReportReporter -->
<testsuite skipped="0" hostname="DESKTOP-USPQ1LK" name="Academy.E2Eproject.HomePage" tests="2" failures="0" timestamp="2020-07-05T17:43:33 IST" time="132.546" errors="0">
  <testcase name="demo" time="80.005" classname="Academy.E2Eproject.HomePage"/>
  <system-out/>
  <testcase name="demo" time="52.541" classname="Academy.E2Eproject.HomePage"/>
  <system-out/>
</testsuite> <!-- Academy.E2Eproject.HomePage -->
