<?xml version="1.0" encoding="UTF-8"?>
<!-- Generated by org.testng.reporters.JUnitReportReporter -->
<testsuite skipped="0" hostname="DESKTOP-USPQ1LK" name="Academy.E2Eproject.validatetitle" tests="1" failures="0" timestamp="2020-07-05T16:56:30 IST" time="19.422" errors="0">
  <testcase name="demo" time="19.422" classname="Academy.E2Eproject.validatetitle"/>
  <system-out/>
</testsuite> <!-- Academy.E2Eproject.validatetitle -->
